c:\users\murat\documents\vısual studıo 2013\projects\peace\peace\debug\vc120.pdb
c:\users\murat\documents\vısual studıo 2013\projects\peace\peace\debug\vc120.ıdb
c:\users\murat\documents\vısual studıo 2013\projects\peace\peace\debug\camera.obj
c:\users\murat\documents\vısual studıo 2013\projects\peace\peace\debug\d11.obj
c:\users\murat\documents\vısual studıo 2013\projects\peace\peace\debug\globals.obj
c:\users\murat\documents\vısual studıo 2013\projects\peace\peace\debug\maın.obj
c:\users\murat\documents\vısual studıo 2013\projects\peace\peace\debug\sph.obj
c:\users\murat\documents\vısual studıo 2013\projects\peace\peace\debug\wındow.obj
c:\users\murat\documents\vısual studıo 2013\projects\peace\debug\clearborderındıces.cso
c:\users\murat\documents\vısual studıo 2013\projects\peace\debug\fluıdenlarger.cso
c:\users\murat\documents\vısual studıo 2013\projects\peace\debug\grıdborderfınder.cso
c:\users\murat\documents\vısual studıo 2013\projects\peace\debug\grıdpaırfıller.cso
c:\users\murat\documents\vısual studıo 2013\projects\peace\debug\sortgrıdpaırs.cso
c:\users\murat\documents\vısual studıo 2013\projects\peace\debug\sphdensıtysolver.cso
c:\users\murat\documents\vısual studıo 2013\projects\peace\debug\sphforcesolver.cso
c:\users\murat\documents\vısual studıo 2013\projects\peace\debug\sphıntegratesolver.cso
c:\users\murat\documents\vısual studıo 2013\projects\peace\debug\standartp.cso
c:\users\murat\documents\vısual studıo 2013\projects\peace\debug\standartv.cso
c:\users\murat\documents\vısual studıo 2013\projects\peace\debug\test.cso
c:\users\murat\documents\vısual studıo 2013\projects\peace\debug\transposematrıx.cso
c:\users\murat\documents\vısual studıo 2013\projects\peace\debug\peace.ılk
c:\users\murat\documents\vısual studıo 2013\projects\peace\debug\peace.exe
c:\users\murat\documents\vısual studıo 2013\projects\peace\debug\peace.pdb
c:\users\murat\documents\visual studio 2013\projects\peace\debug\clearborderındices.cso
c:\users\murat\documents\visual studio 2013\projects\peace\debug\fluidenlarger.cso
c:\users\murat\documents\visual studio 2013\projects\peace\debug\gridborderfinder.cso
c:\users\murat\documents\visual studio 2013\projects\peace\debug\gridpairfiller.cso
c:\users\murat\documents\visual studio 2013\projects\peace\debug\sortgridpairs.cso
c:\users\murat\documents\visual studio 2013\projects\peace\debug\sphdensitysolver.cso
c:\users\murat\documents\visual studio 2013\projects\peace\debug\sphforcesolver.cso
c:\users\murat\documents\visual studio 2013\projects\peace\debug\sphintegratesolver.cso
c:\users\murat\documents\visual studio 2013\projects\peace\debug\standartp.cso
c:\users\murat\documents\visual studio 2013\projects\peace\debug\standartv.cso
c:\users\murat\documents\visual studio 2013\projects\peace\debug\test.cso
c:\users\murat\documents\visual studio 2013\projects\peace\debug\transposematrix.cso
c:\users\murat\documents\visual studio 2013\projects\peace\peace\debug\camera.obj
c:\users\murat\documents\visual studio 2013\projects\peace\peace\debug\d11.obj
c:\users\murat\documents\visual studio 2013\projects\peace\peace\debug\globals.obj
c:\users\murat\documents\visual studio 2013\projects\peace\peace\debug\main.obj
c:\users\murat\documents\visual studio 2013\projects\peace\peace\debug\sph.obj
c:\users\murat\documents\visual studio 2013\projects\peace\peace\debug\window.obj
c:\users\murat\documents\visual studio 2013\projects\peace\peace\debug\vc120.idb
c:\users\murat\documents\visual studio 2013\projects\peace\peace\debug\vc120.pdb
c:\users\murat\documents\visual studio 2013\projects\peace\debug\peace.pdb
c:\users\murat\documents\visual studio 2013\projects\peace\debug\peace.exe
c:\users\murat\documents\visual studio 2013\projects\peace\debug\peace.ilk
c:\users\murat\documents\visual studio 2013\projects\peace\peace\debug\peace.tlog\cl.command.1.tlog
c:\users\murat\documents\visual studio 2013\projects\peace\peace\debug\peace.tlog\cl.read.1.tlog
c:\users\murat\documents\visual studio 2013\projects\peace\peace\debug\peace.tlog\cl.write.1.tlog
c:\users\murat\documents\visual studio 2013\projects\peace\peace\debug\peace.tlog\fxc.command.1.tlog
c:\users\murat\documents\visual studio 2013\projects\peace\peace\debug\peace.tlog\fxc.read.1.tlog
c:\users\murat\documents\visual studio 2013\projects\peace\peace\debug\peace.tlog\fxc.write.1.tlog
c:\users\murat\documents\visual studio 2013\projects\peace\peace\debug\peace.tlog\link.command.1.tlog
c:\users\murat\documents\visual studio 2013\projects\peace\peace\debug\peace.tlog\link.read.1.tlog
c:\users\murat\documents\visual studio 2013\projects\peace\peace\debug\peace.tlog\link.write.1.tlog
c:\users\murat\documents\visual studio 2013\projects\peace\peace\debug\peace.tlog\peace.write.1u.tlog
